============================= test session starts =============================
platform win32 -- Python 3.12.10, pytest-9.1.1, pluggy-1.6.0 -- D:\ai-engineering-4\.venv\Scripts\python.exe
cachedir: .pytest_cache
rootdir: D:\ai-engineering-4
configfile: pytest.ini
testpaths: tests
plugins: anyio-4.15.1, langsmith-0.14.0
collecting ... collected 41 items

tests/test_evaluate.py::test_metricas_por_pregunta PASSED                [  2%]
tests/test_evaluate.py::test_precision_divide_por_k_aunque_vengan_menos_resultados PASSED [  4%]
tests/test_evaluate.py::test_sin_acierto PASSED                          [  7%]
tests/test_evaluate.py::test_summarize_promedia PASSED                   [  9%]
tests/test_evaluate.py::test_evaluate_usa_doc_id_de_la_metadata PASSED   [ 12%]
tests/test_evaluate.py::test_golden_set_real_tiene_5_preguntas_con_documentos_existentes PASSED [ 14%]
tests/test_evaluate.py::test_golden_set_invalido PASSED                  [ 17%]
tests/test_ingestion.py::test_clean_markdown_quita_anclas_e_includes PASSED [ 19%]
tests/test_ingestion.py::test_section_at_devuelve_ultimo_encabezado_previo PASSED [ 21%]
tests/test_ingestion.py::test_load_documents_asigna_doc_id_fuente_y_categoria PASSED [ 24%]
tests/test_ingestion.py::test_split_documents_respeta_tamanio_y_esquema_de_metadata PASSED [ 26%]
tests/test_ingestion.py::test_upsert_por_lotes_con_texto_en_metadata PASSED [ 29%]
tests/test_ingestion.py::test_upsert_rechaza_dimension_incorrecta PASSED [ 31%]
tests/test_ingestion.py::test_upsert_reintenta_errores_transitorios PASSED [ 34%]
tests/test_ingestion.py::test_upsert_se_rinde_tras_max_reintentos PASSED [ 36%]
tests/test_ingestion.py::test_namespace_count_lee_stats_del_namespace PASSED [ 39%]
tests/test_rag_system.py::test_tokenizer_conserva_identificadores_y_quita_stopwords PASSED [ 41%]
tests/test_rag_system.py::test_tokenizer_ignora_tildes PASSED            [ 43%]
tests/test_rag_system.py::test_bm25_matchea_nombres_tecnicos_exactos PASSED [ 46%]
tests/test_rag_system.py::test_corpus_bm25_se_reconstruye_desde_metadata_de_pinecone PASSED [ 48%]
tests/test_rag_system.py::test_cumple_filtro_sintaxis_pinecone[None-True] PASSED [ 51%]
tests/test_rag_system.py::test_cumple_filtro_sintaxis_pinecone[filtro1-True] PASSED [ 53%]
tests/test_rag_system.py::test_cumple_filtro_sintaxis_pinecone[filtro2-True] PASSED [ 56%]
tests/test_rag_system.py::test_cumple_filtro_sintaxis_pinecone[filtro3-False] PASSED [ 58%]
tests/test_rag_system.py::test_cumple_filtro_sintaxis_pinecone[filtro4-True] PASSED [ 60%]
tests/test_rag_system.py::test_cumple_filtro_sintaxis_pinecone[filtro5-False] PASSED [ 63%]
tests/test_rag_system.py::test_cumple_filtro_sintaxis_pinecone[filtro6-True] PASSED [ 65%]
tests/test_rag_system.py::test_cumple_filtro_sintaxis_pinecone[filtro7-False] PASSED [ 68%]
tests/test_rag_system.py::test_cumple_filtro_sintaxis_pinecone[filtro8-False] PASSED [ 70%]
tests/test_rag_system.py::test_cumple_filtro_sintaxis_pinecone[filtro9-True] PASSED [ 73%]
tests/test_rag_system.py::test_cumple_filtro_sintaxis_pinecone[filtro10-False] PASSED [ 75%]
tests/test_rag_system.py::test_cumple_filtro_sintaxis_pinecone[filtro11-False] PASSED [ 78%]
tests/test_rag_system.py::test_cumple_filtro_rechaza_operador_desconocido PASSED [ 80%]
tests/test_rag_system.py::test_retrieve_sin_filtro_usa_todo_el_corpus PASSED [ 82%]
tests/test_rag_system.py::test_retrieve_con_filtro_solo_devuelve_chunks_que_cumplen PASSED [ 85%]
tests/test_rag_system.py::test_bm25_filtra_antes_de_cortar_el_top_k PASSED [ 87%]
tests/test_rag_system.py::test_filtro_sin_coincidencias_devuelve_lista_vacia PASSED [ 90%]
tests/test_setup_index.py::test_crea_indice_serverless_si_no_existe PASSED [ 92%]
tests/test_setup_index.py::test_no_recrea_indice_existente PASSED        [ 95%]
tests/test_setup_index.py::test_detecta_mismatch_de_dimensiones PASSED   [ 97%]
tests/test_setup_index.py::test_detecta_metrica_distinta PASSED          [100%]

============================= 41 passed in 2.54s ==============================
